TN:
SF:src/graphql.ts
FN:11,(anonymous_0)
FN:17,(anonymous_1)
FNF:2
FNH:2
FNDA:4,(anonymous_0)
FNDA:4,(anonymous_1)
DA:11,4
DA:12,4
DA:13,4
DA:14,4
DA:17,4
DA:18,4
DA:19,4
DA:20,4
DA:23,4
DA:28,4
DA:33,4
DA:39,4
DA:44,4
DA:51,4
DA:57,4
DA:75,4
DA:84,4
DA:102,4
DA:113,4
LF:19
LH:19
BRDA:11,0,0,4
BRDA:11,0,1,4
BRDA:17,1,0,4
BRDA:17,1,1,4
BRF:4
BRH:4
end_of_record
TN:
SF:src/modules/auth/auth.config.ts
FNF:0
FNH:0
DA:1,5
DA:2,5
DA:4,5
DA:7,5
DA:11,5
LF:5
LH:5
BRF:0
BRH:0
end_of_record
TN:
SF:src/modules/auth/auth.graphql.guard.ts
FN:18,(anonymous_2)
FN:22,(anonymous_3)
FN:28,(anonymous_4)
FN:35,(anonymous_5)
FNF:4
FNH:2
FNDA:50,(anonymous_2)
FNDA:8,(anonymous_3)
FNDA:0,(anonymous_4)
FNDA:0,(anonymous_5)
DA:1,5
DA:7,5
DA:9,5
DA:11,5
DA:12,5
DA:13,5
DA:14,5
DA:17,5
DA:19,50
DA:23,8
DA:24,8
DA:25,8
DA:29,0
DA:30,0
DA:32,0
DA:36,0
DA:37,0
LF:17
LH:12
BRDA:29,0,0,0
BRDA:29,1,0,0
BRDA:29,1,1,0
BRDA:30,2,0,0
BRDA:30,2,1,0
BRF:5
BRH:0
end_of_record
TN:
SF:src/modules/auth/auth.guard.ts
FN:15,(anonymous_2)
FN:20,(anonymous_3)
FN:39,(anonymous_4)
FNF:3
FNH:3
FNDA:82,(anonymous_2)
FNDA:8,(anonymous_3)
FNDA:8,(anonymous_4)
DA:1,5
DA:7,5
DA:9,5
DA:14,5
DA:16,82
DA:17,82
DA:21,8
DA:22,8
DA:23,8
DA:24,0
DA:26,8
DA:27,8
DA:32,7
DA:34,1
DA:36,7
DA:40,8
DA:41,8
LF:17
LH:16
BRDA:23,0,0,0
BRDA:40,1,0,8
BRDA:40,1,1,0
BRDA:41,2,0,8
BRDA:41,2,1,0
BRF:5
BRH:2
end_of_record
TN:
SF:src/modules/auth/auth.service.ts
FN:18,(anonymous_2)
FN:24,(anonymous_3)
FN:34,(anonymous_4)
FN:61,(anonymous_5)
FN:64,(anonymous_6)
FN:75,(anonymous_7)
FNF:6
FNH:6
FNDA:32,(anonymous_2)
FNDA:18,(anonymous_3)
FNDA:1,(anonymous_4)
FNDA:23,(anonymous_5)
FNDA:21,(anonymous_6)
FNDA:2,(anonymous_7)
DA:1,5
DA:2,5
DA:3,5
DA:4,5
DA:5,5
DA:7,5
DA:17,5
DA:19,32
DA:20,32
DA:21,32
DA:32,18
DA:35,1
DA:37,18
DA:38,1
DA:41,17
DA:42,17
DA:43,2
DA:45,15
DA:50,15
DA:54,15
DA:62,23
DA:65,21
DA:67,23
DA:68,2
DA:70,21
DA:71,21
DA:72,21
DA:79,2
DA:83,2
DA:86,2
LF:30
LH:30
BRDA:37,0,0,1
BRDA:42,1,0,2
BRDA:67,2,0,2
BRF:3
BRH:3
end_of_record
TN:
SF:src/modules/auth-graphql/auth.resolvers.ts
FN:13,(anonymous_4)
FN:19,(anonymous_5)
FN:24,(anonymous_6)
FN:39,(anonymous_7)
FNF:4
FNH:4
FNDA:18,(anonymous_4)
FNDA:17,(anonymous_5)
FNDA:14,(anonymous_6)
FNDA:2,(anonymous_7)
DA:1,4
DA:3,4
DA:5,4
DA:6,4
DA:7,4
DA:8,4
DA:9,4
DA:12,4
DA:14,18
DA:15,18
DA:19,4
DA:20,17
DA:24,4
DA:27,14
DA:28,13
DA:30,13
DA:39,4
DA:44,2
DA:45,1
DA:48,1
DA:49,1
DA:51,1
LF:22
LH:22
BRDA:44,0,0,1
BRF:1
BRH:1
end_of_record
TN:
SF:src/modules/common/decorators/user.ts
FN:6,(anonymous_0)
FNF:1
FNH:1
FNDA:3,(anonymous_0)
DA:1,4
DA:2,4
DA:5,4
DA:7,3
DA:8,3
LF:5
LH:5
BRF:0
BRH:0
end_of_record
TN:
SF:src/modules/common/directives/upper-case.directive.ts
FN:4,upperDirectiveTransformer
FN:9,(anonymous_1)
FN:21,(anonymous_2)
FNF:3
FNH:2
FNDA:18,upperDirectiveTransformer
FNDA:648,(anonymous_1)
FNDA:0,(anonymous_2)
DA:1,4
DA:2,4
DA:4,4
DA:8,18
DA:10,648
DA:16,648
DA:17,0
DA:21,0
DA:22,0
DA:23,0
DA:24,0
DA:26,0
DA:28,0
LF:13
LH:6
BRDA:16,0,0,0
BRDA:17,1,0,0
BRDA:23,2,0,0
BRF:3
BRH:0
end_of_record
TN:
SF:src/modules/message/message.service.ts
FN:10,(anonymous_4)
FN:16,(anonymous_5)
FN:30,(anonymous_6)
FN:40,(anonymous_7)
FN:50,(anonymous_8)
FN:60,(anonymous_9)
FN:73,(anonymous_10)
FNF:7
FNH:7
FNDA:12,(anonymous_4)
FNDA:13,(anonymous_5)
FNDA:3,(anonymous_6)
FNDA:3,(anonymous_7)
FNDA:2,(anonymous_8)
FNDA:2,(anonymous_9)
FNDA:2,(anonymous_10)
DA:1,2
DA:2,2
DA:3,2
DA:5,2
DA:9,2
DA:11,12
DA:13,12
DA:21,13
DA:22,13
DA:27,13
DA:31,3
DA:32,3
DA:33,3
DA:34,1
DA:37,2
DA:41,3
DA:42,3
DA:43,3
DA:44,0
DA:47,3
DA:51,2
DA:52,2
DA:53,2
DA:54,1
DA:57,1
DA:61,2
DA:62,2
DA:66,1
DA:67,0
DA:70,1
DA:74,2
DA:75,2
DA:78,2
DA:79,0
DA:82,2
LF:35
LH:32
BRDA:33,0,0,1
BRDA:43,1,0,0
BRDA:53,2,0,1
BRDA:66,3,0,0
BRDA:78,4,0,0
BRDA:78,5,0,2
BRDA:78,5,1,2
BRF:7
BRH:4
end_of_record
TN:
SF:src/modules/message-graphql/message.resolvers.ts
FN:13,(anonymous_4)
FN:19,(anonymous_5)
FN:39,(anonymous_6)
FN:61,(anonymous_7)
FN:76,(anonymous_8)
FN:82,(anonymous_9)
FNF:6
FNH:5
FNDA:3,(anonymous_4)
FNDA:3,(anonymous_5)
FNDA:0,(anonymous_6)
FNDA:1,(anonymous_7)
FNDA:1,(anonymous_8)
FNDA:1,(anonymous_9)
DA:1,1
DA:2,1
DA:3,1
DA:5,1
DA:6,1
DA:7,1
DA:8,1
DA:12,1
DA:14,3
DA:15,3
DA:19,1
DA:20,3
DA:21,3
DA:27,3
DA:39,1
DA:43,0
DA:44,0
DA:50,0
DA:61,1
DA:62,1
DA:63,1
DA:65,1
DA:76,1
DA:79,1
DA:80,1
DA:82,1
LF:26
LH:23
BRF:0
BRH:0
end_of_record
TN:
SF:src/modules/message/repositories/message.entity.ts
FNF:0
FNH:0
DA:1,9
DA:4,9
DA:6,9
DA:9,9
DA:12,9
DA:15,9
DA:18,9
DA:21,9
LF:8
LH:8
BRF:0
BRH:0
end_of_record
TN:
SF:src/modules/message/repositories/message.repository.ts
FN:34,(anonymous_0)
FN:47,(anonymous_1)
FN:51,(anonymous_2)
FN:55,(anonymous_3)
FN:61,(anonymous_4)
FN:70,(anonymous_5)
FNF:6
FNH:6
FNDA:13,(anonymous_0)
FNDA:3,(anonymous_1)
FNDA:3,(anonymous_2)
FNDA:2,(anonymous_3)
FNDA:2,(anonymous_4)
FNDA:2,(anonymous_5)
DA:1,2
DA:2,2
DA:25,2
DA:39,13
DA:40,13
DA:41,13
DA:42,13
DA:43,13
DA:44,13
DA:48,3
DA:52,3
DA:56,2
DA:57,2
DA:58,2
DA:62,2
DA:63,2
DA:64,1
DA:66,1
DA:67,1
DA:72,2
LF:20
LH:20
BRDA:63,0,0,1
BRF:1
BRH:1
end_of_record
TN:
SF:src/modules/mysql-connector2/mysql-connector2.config.ts
FN:11,(anonymous_2)
FN:12,(anonymous_3)
FNF:2
FNH:2
FNDA:53,(anonymous_2)
FNDA:53,(anonymous_3)
DA:1,9
DA:2,9
DA:4,9
DA:7,9
DA:11,53
DA:12,53
DA:13,9
DA:17,9
DA:21,9
DA:25,9
DA:28,9
LF:11
LH:11
BRF:0
BRH:0
end_of_record
TN:
SF:src/modules/refreshToken/refreshToken.config.ts
FNF:0
FNH:0
DA:1,6
DA:2,6
DA:4,6
DA:7,6
LF:4
LH:4
BRF:0
BRH:0
end_of_record
TN:
SF:src/modules/refreshToken/refreshToken.service.ts
FN:13,(anonymous_4)
FN:20,(anonymous_5)
FN:34,(anonymous_6)
FNF:3
FNH:3
FNDA:30,(anonymous_4)
FNDA:20,(anonymous_5)
FNDA:6,(anonymous_6)
DA:1,6
DA:2,6
DA:4,6
DA:5,6
DA:6,6
DA:7,6
DA:9,6
DA:12,6
DA:14,30
DA:15,30
DA:17,30
DA:21,20
DA:22,20
DA:26,20
DA:31,20
DA:35,6
DA:37,6
DA:42,2
DA:44,4
LF:19
LH:19
BRDA:37,0,0,2
BRDA:38,1,0,6
BRDA:38,1,1,4
BRDA:38,1,2,2
BRF:4
BRH:4
end_of_record
TN:
SF:src/modules/refreshToken/repositories/refreshToken.entity.ts
FNF:0
FNH:0
DA:1,9
DA:10,9
DA:12,9
DA:15,9
DA:18,9
DA:21,9
DA:24,9
DA:27,9
DA:30,9
LF:9
LH:9
BRF:0
BRH:0
end_of_record
TN:
SF:src/modules/refreshToken/repositories/refreshToken.repository.ts
FN:16,(anonymous_0)
FN:23,(anonymous_1)
FNF:2
FNH:1
FNDA:0,(anonymous_0)
FNDA:6,(anonymous_1)
DA:12,6
DA:19,0
DA:20,0
DA:24,6
LF:4
LH:2
BRF:0
BRH:0
end_of_record
TN:
SF:src/modules/ticket/inventory.service.ts
FN:9,(anonymous_4)
FN:15,(anonymous_5)
FN:42,(anonymous_6)
FN:52,(anonymous_7)
FN:61,(anonymous_8)
FN:70,(anonymous_9)
FN:75,(anonymous_10)
FNF:7
FNH:6
FNDA:20,(anonymous_4)
FNDA:44,(anonymous_5)
FNDA:7,(anonymous_6)
FNDA:4,(anonymous_7)
FNDA:4,(anonymous_8)
FNDA:11,(anonymous_9)
FNDA:0,(anonymous_10)
DA:1,3
DA:2,3
DA:3,3
DA:4,3
DA:8,3
DA:10,20
DA:12,20
DA:22,44
DA:23,44
DA:30,44
DA:43,7
DA:44,7
DA:45,7
DA:46,3
DA:49,4
DA:53,4
DA:54,4
DA:58,4
DA:62,4
DA:63,4
DA:67,4
DA:71,11
DA:72,11
DA:76,0
DA:77,0
DA:78,0
DA:79,0
DA:81,0
DA:82,0
DA:84,0
LF:30
LH:23
BRDA:45,0,0,3
BRDA:78,1,0,0
BRF:2
BRH:1
end_of_record
TN:
SF:src/modules/ticket-graphql/inventory.resolvers.ts
FN:10,(anonymous_4)
FN:16,(anonymous_5)
FN:39,(anonymous_6)
FN:57,(anonymous_7)
FN:61,(anonymous_8)
FN:75,(anonymous_9)
FN:79,(anonymous_10)
FNF:7
FNH:7
FNDA:10,(anonymous_4)
FNDA:18,(anonymous_5)
FNDA:2,(anonymous_6)
FNDA:2,(anonymous_7)
FNDA:6,(anonymous_8)
FNDA:2,(anonymous_9)
FNDA:30,(anonymous_10)
DA:1,2
DA:2,2
DA:3,2
DA:4,2
DA:5,2
DA:6,2
DA:9,2
DA:11,10
DA:12,10
DA:16,2
DA:17,18
DA:18,18
DA:26,18
DA:39,2
DA:40,2
DA:41,2
DA:43,1
DA:57,2
DA:58,2
DA:59,2
DA:61,6
DA:75,2
DA:76,2
DA:77,2
DA:79,30
LF:25
LH:25
BRF:0
BRH:0
end_of_record
TN:
SF:src/modules/ticket/repository/inventory.entity.ts
FN:3,(anonymous_2)
FN:9,(anonymous_3)
FNF:2
FNH:2
FNDA:9,(anonymous_2)
FNDA:9,(anonymous_3)
DA:1,9
DA:3,9
DA:4,9
DA:5,9
DA:6,9
DA:9,9
DA:10,9
DA:11,9
DA:12,9
DA:16,9
DA:18,9
DA:21,9
DA:24,9
DA:27,9
DA:30,9
DA:33,9
DA:36,9
DA:39,9
LF:18
LH:18
BRDA:3,0,0,9
BRDA:3,0,1,9
BRDA:9,1,0,9
BRDA:9,1,1,9
BRF:4
BRH:4
end_of_record
TN:
SF:src/modules/ticket/repository/inventory.repository.ts
FN:29,(anonymous_0)
FN:46,(anonymous_1)
FN:50,(anonymous_2)
FN:54,(anonymous_3)
FN:62,(anonymous_4)
FNF:5
FNH:5
FNDA:44,(anonymous_0)
FNDA:7,(anonymous_1)
FNDA:4,(anonymous_2)
FNDA:4,(anonymous_3)
FNDA:11,(anonymous_4)
DA:1,3
DA:3,3
DA:25,3
DA:36,44
DA:37,44
DA:38,44
DA:39,44
DA:40,44
DA:41,44
DA:42,44
DA:43,44
DA:47,7
DA:51,4
DA:56,4
DA:63,11
LF:15
LH:15
BRF:0
BRH:0
end_of_record
TN:
SF:src/modules/user/user.service.ts
FN:9,(anonymous_4)
FN:15,(anonymous_5)
FN:33,(anonymous_6)
FN:43,(anonymous_7)
FNF:4
FNH:4
FNDA:28,(anonymous_4)
FNDA:25,(anonymous_5)
FNDA:44,(anonymous_6)
FNDA:1,(anonymous_7)
DA:1,6
DA:2,6
DA:4,6
DA:5,6
DA:8,6
DA:10,28
DA:12,28
DA:19,25
DA:20,25
DA:24,24
DA:34,44
DA:35,44
DA:36,44
DA:37,23
DA:40,21
DA:44,1
DA:46,1
DA:47,1
DA:48,0
DA:51,1
LF:20
LH:19
BRDA:36,0,0,23
BRDA:47,1,0,0
BRF:2
BRH:1
end_of_record
TN:
SF:src/modules/user-graphql/user.resolvers.ts
FN:13,(anonymous_4)
FN:20,(anonymous_5)
FNF:2
FNH:2
FNDA:1,(anonymous_4)
FNDA:1,(anonymous_5)
DA:1,1
DA:2,1
DA:3,1
DA:4,1
DA:5,1
DA:6,1
DA:12,1
DA:14,1
DA:15,1
DA:20,1
DA:21,1
DA:22,1
DA:25,1
LF:13
LH:13
BRF:0
BRH:0
end_of_record
TN:
SF:src/modules/user/repository/user.entity.ts
FNF:0
FNH:0
DA:1,9
DA:10,9
DA:12,9
DA:15,9
DA:18,9
DA:21,9
DA:24,9
DA:27,9
LF:8
LH:8
BRF:0
BRH:0
end_of_record
TN:
SF:src/modules/user/repository/user.repository.ts
FN:21,(anonymous_0)
FN:29,(anonymous_1)
FN:33,(anonymous_2)
FN:37,(anonymous_3)
FNF:4
FNH:3
FNDA:25,(anonymous_0)
FNDA:44,(anonymous_1)
FNDA:1,(anonymous_2)
FNDA:0,(anonymous_3)
DA:1,6
DA:3,6
DA:17,6
DA:22,25
DA:23,25
DA:24,25
DA:25,25
DA:26,25
DA:30,44
DA:34,1
DA:38,0
LF:11
LH:10
BRF:0
BRH:0
end_of_record
