{"/home/james/projects/zealthy/backend/src/graphql.ts": {"path":"/home/james/projects/zealthy/backend/src/graphql.ts","statementMap":{"0":{"start":{"line":11,"column":0},"end":{"line":11,"column":null}},"1":{"start":{"line":12,"column":4},"end":{"line":12,"column":null}},"2":{"start":{"line":13,"column":4},"end":{"line":13,"column":null}},"3":{"start":{"line":14,"column":4},"end":{"line":14,"column":null}},"4":{"start":{"line":17,"column":0},"end":{"line":17,"column":null}},"5":{"start":{"line":18,"column":4},"end":{"line":18,"column":null}},"6":{"start":{"line":19,"column":4},"end":{"line":19,"column":null}},"7":{"start":{"line":20,"column":4},"end":{"line":20,"column":null}},"8":{"start":{"line":23,"column":0},"end":{"line":23,"column":13}},"9":{"start":{"line":28,"column":0},"end":{"line":28,"column":13}},"10":{"start":{"line":33,"column":0},"end":{"line":33,"column":13}},"11":{"start":{"line":39,"column":0},"end":{"line":39,"column":13}},"12":{"start":{"line":44,"column":0},"end":{"line":44,"column":13}},"13":{"start":{"line":51,"column":0},"end":{"line":51,"column":13}},"14":{"start":{"line":57,"column":0},"end":{"line":57,"column":22}},"15":{"start":{"line":75,"column":0},"end":{"line":75,"column":13}},"16":{"start":{"line":84,"column":0},"end":{"line":84,"column":22}},"17":{"start":{"line":102,"column":0},"end":{"line":102,"column":13}},"18":{"start":{"line":113,"column":0},"end":{"line":113,"column":13}}},"fnMap":{"0":{"name":"(anonymous_0)","decl":{"start":{"line":11,"column":0},"end":{"line":11,"column":12}},"loc":{"start":{"line":11,"column":18},"end":{"line":15,"column":1}}},"1":{"name":"(anonymous_1)","decl":{"start":{"line":17,"column":0},"end":{"line":17,"column":12}},"loc":{"start":{"line":17,"column":20},"end":{"line":21,"column":1}}}},"branchMap":{"0":{"loc":{"start":{"line":11,"column":12},"end":{"line":11,"column":null}},"type":"binary-expr","locations":[{"start":{"line":11,"column":12},"end":{"line":11,"column":18}},{"start":{"line":11,"column":18},"end":{"line":11,"column":null}}]},"1":{"loc":{"start":{"line":17,"column":12},"end":{"line":17,"column":null}},"type":"binary-expr","locations":[{"start":{"line":17,"column":12},"end":{"line":17,"column":20}},{"start":{"line":17,"column":20},"end":{"line":17,"column":null}}]}},"s":{"0":4,"1":4,"2":4,"3":4,"4":4,"5":4,"6":4,"7":4,"8":4,"9":4,"10":4,"11":4,"12":4,"13":4,"14":4,"15":4,"16":4,"17":4,"18":4},"f":{"0":4,"1":4},"b":{"0":[4,4],"1":[4,4]}}
,"/home/james/projects/zealthy/backend/src/modules/auth/auth.config.ts": {"path":"/home/james/projects/zealthy/backend/src/modules/auth/auth.config.ts","statementMap":{"0":{"start":{"line":1,"column":0},"end":{"line":1,"column":43}},"1":{"start":{"line":2,"column":0},"end":{"line":2,"column":43}},"2":{"start":{"line":4,"column":0},"end":{"line":4,"column":13}},"3":{"start":{"line":7,"column":18},"end":{"line":7,"column":null}},"4":{"start":{"line":11,"column":18},"end":{"line":11,"column":null}}},"fnMap":{},"branchMap":{},"s":{"0":5,"1":5,"2":5,"3":5,"4":5},"f":{},"b":{}}
,"/home/james/projects/zealthy/backend/src/modules/auth/auth.graphql.guard.ts": {"path":"/home/james/projects/zealthy/backend/src/modules/auth/auth.graphql.guard.ts","statementMap":{"0":{"start":{"line":1,"column":0},"end":{"line":1,"column":null}},"1":{"start":{"line":7,"column":0},"end":{"line":7,"column":41}},"2":{"start":{"line":9,"column":0},"end":{"line":9,"column":57}},"3":{"start":{"line":11,"column":0},"end":{"line":11,"column":41}},"4":{"start":{"line":12,"column":0},"end":{"line":12,"column":54}},"5":{"start":{"line":13,"column":0},"end":{"line":13,"column":83}},"6":{"start":{"line":14,"column":0},"end":{"line":14,"column":53}},"7":{"start":{"line":17,"column":29},"end":{"line":39,"column":null}},"8":{"start":{"line":19,"column":4},"end":{"line":19,"column":30}},"9":{"start":{"line":23,"column":20},"end":{"line":23,"column":51}},"10":{"start":{"line":24,"column":20},"end":{"line":24,"column":40}},"11":{"start":{"line":25,"column":4},"end":{"line":25,"column":62}},"12":{"start":{"line":29,"column":4},"end":{"line":31,"column":null}},"13":{"start":{"line":30,"column":6},"end":{"line":30,"column":59}},"14":{"start":{"line":32,"column":4},"end":{"line":32,"column":16}},"15":{"start":{"line":36,"column":16},"end":{"line":36,"column":51}},"16":{"start":{"line":37,"column":4},"end":{"line":37,"column":32}},"17":{"start":{"line":17,"column":13},"end":{"line":39,"column":null}}},"fnMap":{"0":{"name":"(anonymous_2)","decl":{"start":{"line":18,"column":2},"end":{"line":18,"column":14}},"loc":{"start":{"line":18,"column":71},"end":{"line":20,"column":3}}},"1":{"name":"(anonymous_3)","decl":{"start":{"line":22,"column":2},"end":{"line":22,"column":7}},"loc":{"start":{"line":22,"column":41},"end":{"line":26,"column":3}}},"2":{"name":"(anonymous_4)","decl":{"start":{"line":28,"column":2},"end":{"line":28,"column":15}},"loc":{"start":{"line":28,"column":35},"end":{"line":33,"column":3}}},"3":{"name":"(anonymous_5)","decl":{"start":{"line":35,"column":2},"end":{"line":35,"column":12}},"loc":{"start":{"line":35,"column":38},"end":{"line":38,"column":3}}}},"branchMap":{"0":{"loc":{"start":{"line":29,"column":4},"end":{"line":31,"column":null}},"type":"if","locations":[{"start":{"line":29,"column":4},"end":{"line":31,"column":null}}]},"1":{"loc":{"start":{"line":29,"column":8},"end":{"line":29,"column":20}},"type":"binary-expr","locations":[{"start":{"line":29,"column":8},"end":{"line":29,"column":11}},{"start":{"line":29,"column":15},"end":{"line":29,"column":20}}]},"2":{"loc":{"start":{"line":30,"column":12},"end":{"line":30,"column":58}},"type":"binary-expr","locations":[{"start":{"line":30,"column":12},"end":{"line":30,"column":15}},{"start":{"line":30,"column":19},"end":{"line":30,"column":58}}]}},"s":{"0":5,"1":5,"2":5,"3":5,"4":5,"5":5,"6":5,"7":5,"8":50,"9":8,"10":8,"11":8,"12":0,"13":0,"14":0,"15":0,"16":0,"17":5},"f":{"0":50,"1":8,"2":0,"3":0},"b":{"0":[0],"1":[0,0],"2":[0,0]}}
,"/home/james/projects/zealthy/backend/src/modules/auth/auth.guard.ts": {"path":"/home/james/projects/zealthy/backend/src/modules/auth/auth.guard.ts","statementMap":{"0":{"start":{"line":1,"column":0},"end":{"line":1,"column":null}},"1":{"start":{"line":7,"column":0},"end":{"line":7,"column":41}},"2":{"start":{"line":9,"column":0},"end":{"line":9,"column":57}},"3":{"start":{"line":14,"column":22},"end":{"line":43,"column":null}},"4":{"start":{"line":16,"column":12},"end":{"line":16,"column":20}},"5":{"start":{"line":17,"column":12},"end":{"line":17,"column":24}},"6":{"start":{"line":21,"column":20},"end":{"line":21,"column":55}},"7":{"start":{"line":22,"column":18},"end":{"line":22,"column":54}},"8":{"start":{"line":23,"column":4},"end":{"line":25,"column":null}},"9":{"start":{"line":24,"column":6},"end":{"line":24,"column":40}},"10":{"start":{"line":26,"column":4},"end":{"line":35,"column":null}},"11":{"start":{"line":27,"column":34},"end":{"line":29,"column":8}},"12":{"start":{"line":32,"column":6},"end":{"line":32,"column":32}},"13":{"start":{"line":34,"column":6},"end":{"line":34,"column":40}},"14":{"start":{"line":36,"column":4},"end":{"line":36,"column":16}},"15":{"start":{"line":40,"column":26},"end":{"line":40,"column":73}},"16":{"start":{"line":41,"column":4},"end":{"line":41,"column":49}},"17":{"start":{"line":14,"column":13},"end":{"line":43,"column":null}}},"fnMap":{"0":{"name":"(anonymous_2)","decl":{"start":{"line":15,"column":2},"end":{"line":15,"column":null}},"loc":{"start":{"line":17,"column":34},"end":{"line":18,"column":6}}},"1":{"name":"(anonymous_3)","decl":{"start":{"line":20,"column":2},"end":{"line":20,"column":7}},"loc":{"start":{"line":20,"column":45},"end":{"line":37,"column":3}}},"2":{"name":"(anonymous_4)","decl":{"start":{"line":39,"column":10},"end":{"line":39,"column":32}},"loc":{"start":{"line":39,"column":49},"end":{"line":42,"column":3}}}},"branchMap":{"0":{"loc":{"start":{"line":23,"column":4},"end":{"line":25,"column":null}},"type":"if","locations":[{"start":{"line":23,"column":4},"end":{"line":25,"column":null}}]},"1":{"loc":{"start":{"line":40,"column":26},"end":{"line":40,"column":73}},"type":"binary-expr","locations":[{"start":{"line":40,"column":26},"end":{"line":40,"column":67}},{"start":{"line":40,"column":71},"end":{"line":40,"column":73}}]},"2":{"loc":{"start":{"line":41,"column":11},"end":{"line":41,"column":48}},"type":"cond-expr","locations":[{"start":{"line":41,"column":31},"end":{"line":41,"column":36}},{"start":{"line":41,"column":39},"end":{"line":41,"column":48}}]}},"s":{"0":5,"1":5,"2":5,"3":5,"4":82,"5":82,"6":8,"7":8,"8":8,"9":0,"10":8,"11":8,"12":7,"13":1,"14":7,"15":8,"16":8,"17":5},"f":{"0":82,"1":8,"2":8},"b":{"0":[0],"1":[8,0],"2":[8,0]}}
,"/home/james/projects/zealthy/backend/src/modules/auth/auth.service.ts": {"path":"/home/james/projects/zealthy/backend/src/modules/auth/auth.service.ts","statementMap":{"0":{"start":{"line":1,"column":0},"end":{"line":1,"column":67}},"1":{"start":{"line":2,"column":0},"end":{"line":2,"column":51}},"2":{"start":{"line":3,"column":0},"end":{"line":3,"column":33}},"3":{"start":{"line":4,"column":0},"end":{"line":4,"column":41}},"4":{"start":{"line":5,"column":0},"end":{"line":5,"column":57}},"5":{"start":{"line":7,"column":0},"end":{"line":7,"column":31}},"6":{"start":{"line":17,"column":24},"end":{"line":91,"column":null}},"7":{"start":{"line":19,"column":12},"end":{"line":19,"column":20}},"8":{"start":{"line":20,"column":12},"end":{"line":20,"column":25}},"9":{"start":{"line":21,"column":12},"end":{"line":21,"column":24}},"10":{"start":{"line":32,"column":17},"end":{"line":36,"column":8}},"11":{"start":{"line":35,"column":8},"end":{"line":35,"column":20}},"12":{"start":{"line":37,"column":4},"end":{"line":39,"column":null}},"13":{"start":{"line":38,"column":6},"end":{"line":38,"column":40}},"14":{"start":{"line":41,"column":28},"end":{"line":41,"column":72}},"15":{"start":{"line":42,"column":4},"end":{"line":44,"column":null}},"16":{"start":{"line":43,"column":6},"end":{"line":43,"column":40}},"17":{"start":{"line":45,"column":41},"end":{"line":48,"column":6}},"18":{"start":{"line":50,"column":16},"end":{"line":52,"column":6}},"19":{"start":{"line":54,"column":4},"end":{"line":58,"column":6}},"20":{"start":{"line":62,"column":17},"end":{"line":66,"column":8}},"21":{"start":{"line":65,"column":8},"end":{"line":65,"column":20}},"22":{"start":{"line":67,"column":4},"end":{"line":69,"column":null}},"23":{"start":{"line":68,"column":6},"end":{"line":68,"column":45}},"24":{"start":{"line":70,"column":27},"end":{"line":70,"column":54}},"25":{"start":{"line":71,"column":4},"end":{"line":71,"column":64}},"26":{"start":{"line":72,"column":4},"end":{"line":72,"column":16}},"27":{"start":{"line":79,"column":41},"end":{"line":81,"column":6}},"28":{"start":{"line":83,"column":16},"end":{"line":85,"column":6}},"29":{"start":{"line":86,"column":4},"end":{"line":89,"column":6}},"30":{"start":{"line":17,"column":13},"end":{"line":91,"column":null}}},"fnMap":{"0":{"name":"(anonymous_2)","decl":{"start":{"line":18,"column":2},"end":{"line":18,"column":null}},"loc":{"start":{"line":21,"column":34},"end":{"line":22,"column":6}}},"1":{"name":"(anonymous_3)","decl":{"start":{"line":24,"column":2},"end":{"line":24,"column":7}},"loc":{"start":{"line":26,"column":20},"end":{"line":59,"column":3}}},"2":{"name":"(anonymous_4)","decl":{"start":{"line":34,"column":13},"end":{"line":34,"column":16}},"loc":{"start":{"line":34,"column":18},"end":{"line":36,"column":7}}},"3":{"name":"(anonymous_5)","decl":{"start":{"line":61,"column":2},"end":{"line":61,"column":7}},"loc":{"start":{"line":61,"column":51},"end":{"line":73,"column":3}}},"4":{"name":"(anonymous_6)","decl":{"start":{"line":64,"column":13},"end":{"line":64,"column":16}},"loc":{"start":{"line":64,"column":18},"end":{"line":66,"column":7}}},"5":{"name":"(anonymous_7)","decl":{"start":{"line":75,"column":2},"end":{"line":75,"column":7}},"loc":{"start":{"line":75,"column":32},"end":{"line":90,"column":3}}}},"branchMap":{"0":{"loc":{"start":{"line":37,"column":4},"end":{"line":39,"column":null}},"type":"if","locations":[{"start":{"line":37,"column":4},"end":{"line":39,"column":null}}]},"1":{"loc":{"start":{"line":42,"column":4},"end":{"line":44,"column":null}},"type":"if","locations":[{"start":{"line":42,"column":4},"end":{"line":44,"column":null}}]},"2":{"loc":{"start":{"line":67,"column":4},"end":{"line":69,"column":null}},"type":"if","locations":[{"start":{"line":67,"column":4},"end":{"line":69,"column":null}}]}},"s":{"0":5,"1":5,"2":5,"3":5,"4":5,"5":5,"6":5,"7":32,"8":32,"9":32,"10":18,"11":1,"12":18,"13":1,"14":17,"15":17,"16":2,"17":15,"18":15,"19":15,"20":23,"21":21,"22":23,"23":2,"24":21,"25":21,"26":21,"27":2,"28":2,"29":2,"30":5},"f":{"0":32,"1":18,"2":1,"3":23,"4":21,"5":2},"b":{"0":[1],"1":[2],"2":[2]}}
,"/home/james/projects/zealthy/backend/src/modules/auth-graphql/auth.resolvers.ts": {"path":"/home/james/projects/zealthy/backend/src/modules/auth-graphql/auth.resolvers.ts","statementMap":{"0":{"start":{"line":1,"column":0},"end":{"line":1,"column":59}},"1":{"start":{"line":3,"column":0},"end":{"line":3,"column":63}},"2":{"start":{"line":5,"column":0},"end":{"line":5,"column":75}},"3":{"start":{"line":6,"column":0},"end":{"line":6,"column":43}},"4":{"start":{"line":7,"column":0},"end":{"line":7,"column":62}},"5":{"start":{"line":8,"column":0},"end":{"line":8,"column":56}},"6":{"start":{"line":9,"column":0},"end":{"line":9,"column":72}},"7":{"start":{"line":12,"column":26},"end":{"line":57,"column":null}},"8":{"start":{"line":14,"column":21},"end":{"line":14,"column":34}},"9":{"start":{"line":15,"column":21},"end":{"line":15,"column":42}},"10":{"start":{"line":20,"column":4},"end":{"line":20,"column":67}},"11":{"start":{"line":27,"column":16},"end":{"line":27,"column":65}},"12":{"start":{"line":28,"column":25},"end":{"line":28,"column":76}},"13":{"start":{"line":30,"column":4},"end":{"line":34,"column":6}},"14":{"start":{"line":44,"column":4},"end":{"line":46,"column":null}},"15":{"start":{"line":45,"column":6},"end":{"line":45,"column":47}},"16":{"start":{"line":48,"column":16},"end":{"line":48,"column":61}},"17":{"start":{"line":49,"column":25},"end":{"line":49,"column":77}},"18":{"start":{"line":51,"column":4},"end":{"line":55,"column":6}},"19":{"start":{"line":19,"column":8},"end":{"line":21,"column":null}},"20":{"start":{"line":24,"column":8},"end":{"line":35,"column":null}},"21":{"start":{"line":39,"column":8},"end":{"line":56,"column":null}},"22":{"start":{"line":12,"column":13},"end":{"line":57,"column":null}}},"fnMap":{"0":{"name":"(anonymous_4)","decl":{"start":{"line":13,"column":2},"end":{"line":13,"column":null}},"loc":{"start":{"line":15,"column":61},"end":{"line":16,"column":6}}},"1":{"name":"(anonymous_5)","decl":{"start":{"line":19,"column":2},"end":{"line":19,"column":7}},"loc":{"start":{"line":19,"column":51},"end":{"line":21,"column":3}}},"2":{"name":"(anonymous_6)","decl":{"start":{"line":24,"column":2},"end":{"line":24,"column":7}},"loc":{"start":{"line":25,"column":54},"end":{"line":35,"column":3}}},"3":{"name":"(anonymous_7)","decl":{"start":{"line":39,"column":2},"end":{"line":39,"column":7}},"loc":{"start":{"line":41,"column":32},"end":{"line":56,"column":3}}}},"branchMap":{"0":{"loc":{"start":{"line":44,"column":4},"end":{"line":46,"column":null}},"type":"if","locations":[{"start":{"line":44,"column":4},"end":{"line":46,"column":null}}]}},"s":{"0":4,"1":4,"2":4,"3":4,"4":4,"5":4,"6":4,"7":4,"8":18,"9":18,"10":17,"11":14,"12":13,"13":13,"14":2,"15":1,"16":1,"17":1,"18":1,"19":4,"20":4,"21":4,"22":4},"f":{"0":18,"1":17,"2":14,"3":2},"b":{"0":[1]}}
,"/home/james/projects/zealthy/backend/src/modules/common/decorators/user.ts": {"path":"/home/james/projects/zealthy/backend/src/modules/common/decorators/user.ts","statementMap":{"0":{"start":{"line":1,"column":0},"end":{"line":1,"column":72}},"1":{"start":{"line":2,"column":0},"end":{"line":2,"column":54}},"2":{"start":{"line":5,"column":13},"end":{"line":10,"column":2}},"3":{"start":{"line":7,"column":16},"end":{"line":7,"column":51}},"4":{"start":{"line":8,"column":4},"end":{"line":8,"column":37}}},"fnMap":{"0":{"name":"(anonymous_0)","decl":{"start":{"line":6,"column":2},"end":{"line":6,"column":3}},"loc":{"start":{"line":6,"column":59},"end":{"line":9,"column":3}}}},"branchMap":{},"s":{"0":4,"1":4,"2":4,"3":3,"4":3},"f":{"0":3},"b":{}}
,"/home/james/projects/zealthy/backend/src/modules/common/directives/upper-case.directive.ts": {"path":"/home/james/projects/zealthy/backend/src/modules/common/directives/upper-case.directive.ts","statementMap":{"0":{"start":{"line":1,"column":0},"end":{"line":1,"column":75}},"1":{"start":{"line":2,"column":0},"end":{"line":2,"column":62}},"2":{"start":{"line":8,"column":2},"end":{"line":31,"column":5}},"3":{"start":{"line":10,"column":29},"end":{"line":14,"column":12}},"4":{"start":{"line":16,"column":6},"end":{"line":29,"column":null}},"5":{"start":{"line":17,"column":51},"end":{"line":17,"column":62}},"6":{"start":{"line":21,"column":8},"end":{"line":27,"column":10}},"7":{"start":{"line":22,"column":25},"end":{"line":22,"column":67}},"8":{"start":{"line":23,"column":10},"end":{"line":25,"column":null}},"9":{"start":{"line":24,"column":12},"end":{"line":24,"column":40}},"10":{"start":{"line":26,"column":10},"end":{"line":26,"column":24}},"11":{"start":{"line":28,"column":8},"end":{"line":28,"column":27}},"12":{"start":{"line":4,"column":0},"end":{"line":4,"column":16}}},"fnMap":{"0":{"name":"upperDirectiveTransformer","decl":{"start":{"line":4,"column":16},"end":{"line":4,"column":41}},"loc":{"start":{"line":6,"column":23},"end":{"line":32,"column":1}}},"1":{"name":"(anonymous_1)","decl":{"start":{"line":9,"column":31},"end":{"line":9,"column":32}},"loc":{"start":{"line":9,"column":47},"end":{"line":30,"column":5}}},"2":{"name":"(anonymous_2)","decl":{"start":{"line":21,"column":30},"end":{"line":21,"column":35}},"loc":{"start":{"line":21,"column":73},"end":{"line":27,"column":9}}}},"branchMap":{"0":{"loc":{"start":{"line":16,"column":6},"end":{"line":29,"column":null}},"type":"if","locations":[{"start":{"line":16,"column":6},"end":{"line":29,"column":null}}]},"1":{"loc":{"start":{"line":17,"column":16},"end":{"line":17,"column":46}},"type":"default-arg","locations":[{"start":{"line":17,"column":26},"end":{"line":17,"column":46}}]},"2":{"loc":{"start":{"line":23,"column":10},"end":{"line":25,"column":null}},"type":"if","locations":[{"start":{"line":23,"column":10},"end":{"line":25,"column":null}}]}},"s":{"0":4,"1":4,"2":18,"3":648,"4":648,"5":0,"6":0,"7":0,"8":0,"9":0,"10":0,"11":0,"12":4},"f":{"0":18,"1":648,"2":0},"b":{"0":[0],"1":[0],"2":[0]}}
,"/home/james/projects/zealthy/backend/src/modules/message/message.service.ts": {"path":"/home/james/projects/zealthy/backend/src/modules/message/message.service.ts","statementMap":{"0":{"start":{"line":1,"column":0},"end":{"line":1,"column":52}},"1":{"start":{"line":2,"column":0},"end":{"line":2,"column":33}},"2":{"start":{"line":3,"column":0},"end":{"line":3,"column":51}},"3":{"start":{"line":5,"column":0},"end":{"line":5,"column":62}},"4":{"start":{"line":9,"column":27},"end":{"line":84,"column":null}},"5":{"start":{"line":11,"column":40},"end":{"line":11,"column":48}},"6":{"start":{"line":13,"column":21},"end":{"line":13,"column":57}},"7":{"start":{"line":21,"column":4},"end":{"line":21,"column":41}},"8":{"start":{"line":22,"column":35},"end":{"line":25,"column":null}},"9":{"start":{"line":27,"column":4},"end":{"line":27,"column":19}},"10":{"start":{"line":31,"column":4},"end":{"line":31,"column":46}},"11":{"start":{"line":32,"column":35},"end":{"line":32,"column":76}},"12":{"start":{"line":33,"column":4},"end":{"line":35,"column":null}},"13":{"start":{"line":34,"column":6},"end":{"line":34,"column":43}},"14":{"start":{"line":37,"column":4},"end":{"line":37,"column":19}},"15":{"start":{"line":41,"column":4},"end":{"line":41,"column":45}},"16":{"start":{"line":42,"column":38},"end":{"line":42,"column":76}},"17":{"start":{"line":43,"column":4},"end":{"line":45,"column":null}},"18":{"start":{"line":44,"column":6},"end":{"line":44,"column":44}},"19":{"start":{"line":47,"column":4},"end":{"line":47,"column":20}},"20":{"start":{"line":51,"column":4},"end":{"line":51,"column":47}},"21":{"start":{"line":52,"column":35},"end":{"line":52,"column":78}},"22":{"start":{"line":53,"column":4},"end":{"line":55,"column":null}},"23":{"start":{"line":54,"column":6},"end":{"line":54,"column":43}},"24":{"start":{"line":57,"column":4},"end":{"line":57,"column":19}},"25":{"start":{"line":61,"column":4},"end":{"line":61,"column":47}},"26":{"start":{"line":62,"column":35},"end":{"line":64,"column":null}},"27":{"start":{"line":66,"column":4},"end":{"line":68,"column":null}},"28":{"start":{"line":67,"column":6},"end":{"line":67,"column":43}},"29":{"start":{"line":70,"column":4},"end":{"line":70,"column":19}},"30":{"start":{"line":74,"column":4},"end":{"line":74,"column":51}},"31":{"start":{"line":75,"column":38},"end":{"line":76,"column":null}},"32":{"start":{"line":78,"column":4},"end":{"line":80,"column":null}},"33":{"start":{"line":79,"column":6},"end":{"line":79,"column":44}},"34":{"start":{"line":82,"column":4},"end":{"line":82,"column":20}},"35":{"start":{"line":9,"column":13},"end":{"line":84,"column":null}}},"fnMap":{"0":{"name":"(anonymous_4)","decl":{"start":{"line":10,"column":2},"end":{"line":10,"column":null}},"loc":{"start":{"line":13,"column":57},"end":{"line":14,"column":6}}},"1":{"name":"(anonymous_5)","decl":{"start":{"line":16,"column":2},"end":{"line":16,"column":7}},"loc":{"start":{"line":19,"column":18},"end":{"line":28,"column":3}}},"2":{"name":"(anonymous_6)","decl":{"start":{"line":30,"column":2},"end":{"line":30,"column":7}},"loc":{"start":{"line":30,"column":33},"end":{"line":38,"column":3}}},"3":{"name":"(anonymous_7)","decl":{"start":{"line":40,"column":2},"end":{"line":40,"column":7}},"loc":{"start":{"line":40,"column":22},"end":{"line":48,"column":3}}},"4":{"name":"(anonymous_8)","decl":{"start":{"line":50,"column":2},"end":{"line":50,"column":7}},"loc":{"start":{"line":50,"column":36},"end":{"line":58,"column":3}}},"5":{"name":"(anonymous_9)","decl":{"start":{"line":60,"column":2},"end":{"line":60,"column":7}},"loc":{"start":{"line":60,"column":53},"end":{"line":71,"column":3}}},"6":{"name":"(anonymous_10)","decl":{"start":{"line":73,"column":2},"end":{"line":73,"column":7}},"loc":{"start":{"line":73,"column":42},"end":{"line":83,"column":3}}}},"branchMap":{"0":{"loc":{"start":{"line":33,"column":4},"end":{"line":35,"column":null}},"type":"if","locations":[{"start":{"line":33,"column":4},"end":{"line":35,"column":null}}]},"1":{"loc":{"start":{"line":43,"column":4},"end":{"line":45,"column":null}},"type":"if","locations":[{"start":{"line":43,"column":4},"end":{"line":45,"column":null}}]},"2":{"loc":{"start":{"line":53,"column":4},"end":{"line":55,"column":null}},"type":"if","locations":[{"start":{"line":53,"column":4},"end":{"line":55,"column":null}}]},"3":{"loc":{"start":{"line":66,"column":4},"end":{"line":68,"column":null}},"type":"if","locations":[{"start":{"line":66,"column":4},"end":{"line":68,"column":null}}]},"4":{"loc":{"start":{"line":78,"column":4},"end":{"line":80,"column":null}},"type":"if","locations":[{"start":{"line":78,"column":4},"end":{"line":80,"column":null}}]},"5":{"loc":{"start":{"line":78,"column":8},"end":{"line":78,"column":42}},"type":"binary-expr","locations":[{"start":{"line":78,"column":8},"end":{"line":78,"column":17}},{"start":{"line":78,"column":21},"end":{"line":78,"column":42}}]}},"s":{"0":2,"1":2,"2":2,"3":2,"4":2,"5":12,"6":12,"7":13,"8":13,"9":13,"10":3,"11":3,"12":3,"13":1,"14":2,"15":3,"16":3,"17":3,"18":0,"19":3,"20":2,"21":2,"22":2,"23":1,"24":1,"25":2,"26":2,"27":1,"28":0,"29":1,"30":2,"31":2,"32":2,"33":0,"34":2,"35":2},"f":{"0":12,"1":13,"2":3,"3":3,"4":2,"5":2,"6":2},"b":{"0":[1],"1":[0],"2":[1],"3":[0],"4":[0],"5":[2,2]}}
,"/home/james/projects/zealthy/backend/src/modules/message-graphql/message.resolvers.ts": {"path":"/home/james/projects/zealthy/backend/src/modules/message-graphql/message.resolvers.ts","statementMap":{"0":{"start":{"line":1,"column":0},"end":{"line":1,"column":66}},"1":{"start":{"line":2,"column":0},"end":{"line":2,"column":51}},"2":{"start":{"line":3,"column":0},"end":{"line":3,"column":33}},"3":{"start":{"line":5,"column":0},"end":{"line":5,"column":60}},"4":{"start":{"line":6,"column":0},"end":{"line":6,"column":62}},"5":{"start":{"line":7,"column":0},"end":{"line":7,"column":73}},"6":{"start":{"line":8,"column":0},"end":{"line":8,"column":56}},"7":{"start":{"line":12,"column":29},"end":{"line":91,"column":null}},"8":{"start":{"line":14,"column":40},"end":{"line":14,"column":48}},"9":{"start":{"line":15,"column":21},"end":{"line":15,"column":37}},"10":{"start":{"line":20,"column":4},"end":{"line":20,"column":41}},"11":{"start":{"line":21,"column":20},"end":{"line":24,"column":null}},"12":{"start":{"line":27,"column":4},"end":{"line":34,"column":6}},"13":{"start":{"line":43,"column":4},"end":{"line":43,"column":44}},"14":{"start":{"line":44,"column":20},"end":{"line":47,"column":null}},"15":{"start":{"line":50,"column":4},"end":{"line":57,"column":6}},"16":{"start":{"line":62,"column":4},"end":{"line":62,"column":46}},"17":{"start":{"line":63,"column":20},"end":{"line":63,"column":64}},"18":{"start":{"line":65,"column":4},"end":{"line":72,"column":6}},"19":{"start":{"line":79,"column":4},"end":{"line":79,"column":55}},"20":{"start":{"line":80,"column":21},"end":{"line":80,"column":74}},"21":{"start":{"line":82,"column":4},"end":{"line":89,"column":8}},"22":{"start":{"line":82,"column":38},"end":{"line":89,"column":6}},"23":{"start":{"line":19,"column":8},"end":{"line":35,"column":null}},"24":{"start":{"line":39,"column":8},"end":{"line":58,"column":null}},"25":{"start":{"line":61,"column":8},"end":{"line":73,"column":null}},"26":{"start":{"line":76,"column":8},"end":{"line":90,"column":null}},"27":{"start":{"line":12,"column":13},"end":{"line":91,"column":null}}},"fnMap":{"0":{"name":"(anonymous_4)","decl":{"start":{"line":13,"column":2},"end":{"line":13,"column":null}},"loc":{"start":{"line":15,"column":51},"end":{"line":16,"column":6}}},"1":{"name":"(anonymous_5)","decl":{"start":{"line":19,"column":2},"end":{"line":19,"column":7}},"loc":{"start":{"line":19,"column":55},"end":{"line":35,"column":3}}},"2":{"name":"(anonymous_6)","decl":{"start":{"line":39,"column":2},"end":{"line":39,"column":7}},"loc":{"start":{"line":41,"column":42},"end":{"line":58,"column":3}}},"3":{"name":"(anonymous_7)","decl":{"start":{"line":61,"column":2},"end":{"line":61,"column":7}},"loc":{"start":{"line":61,"column":45},"end":{"line":73,"column":3}}},"4":{"name":"(anonymous_8)","decl":{"start":{"line":76,"column":2},"end":{"line":76,"column":7}},"loc":{"start":{"line":77,"column":34},"end":{"line":90,"column":3}}},"5":{"name":"(anonymous_9)","decl":{"start":{"line":82,"column":24},"end":{"line":82,"column":25}},"loc":{"start":{"line":82,"column":38},"end":{"line":89,"column":6}}}},"branchMap":{},"s":{"0":1,"1":1,"2":1,"3":1,"4":1,"5":1,"6":1,"7":1,"8":3,"9":3,"10":3,"11":3,"12":3,"13":0,"14":0,"15":0,"16":1,"17":1,"18":1,"19":1,"20":1,"21":1,"22":1,"23":1,"24":1,"25":1,"26":1,"27":1},"f":{"0":3,"1":3,"2":0,"3":1,"4":1,"5":1},"b":{}}
,"/home/james/projects/zealthy/backend/src/modules/message/repositories/message.entity.ts": {"path":"/home/james/projects/zealthy/backend/src/modules/message/repositories/message.entity.ts","statementMap":{"0":{"start":{"line":1,"column":0},"end":{"line":1,"column":77}},"1":{"start":{"line":4,"column":26},"end":{"line":22,"column":null}},"2":{"start":{"line":6,"column":2},"end":{"line":6,"column":null}},"3":{"start":{"line":9,"column":2},"end":{"line":9,"column":null}},"4":{"start":{"line":12,"column":2},"end":{"line":12,"column":null}},"5":{"start":{"line":15,"column":2},"end":{"line":15,"column":null}},"6":{"start":{"line":18,"column":2},"end":{"line":18,"column":null}},"7":{"start":{"line":21,"column":2},"end":{"line":21,"column":null}},"8":{"start":{"line":4,"column":13},"end":{"line":22,"column":null}}},"fnMap":{},"branchMap":{},"s":{"0":9,"1":9,"2":9,"3":9,"4":9,"5":9,"6":9,"7":9,"8":9},"f":{},"b":{}}
,"/home/james/projects/zealthy/backend/src/modules/message/repositories/message.repository.ts": {"path":"/home/james/projects/zealthy/backend/src/modules/message/repositories/message.repository.ts","statementMap":{"0":{"start":{"line":1,"column":0},"end":{"line":1,"column":49}},"1":{"start":{"line":2,"column":0},"end":{"line":2,"column":28}},"2":{"start":{"line":25,"column":13},"end":{"line":74,"column":2}},"3":{"start":{"line":39,"column":20},"end":{"line":39,"column":39}},"4":{"start":{"line":40,"column":4},"end":{"line":40,"column":24}},"5":{"start":{"line":41,"column":4},"end":{"line":41,"column":30}},"6":{"start":{"line":42,"column":4},"end":{"line":42,"column":28}},"7":{"start":{"line":43,"column":4},"end":{"line":43,"column":28}},"8":{"start":{"line":44,"column":4},"end":{"line":44,"column":36}},"9":{"start":{"line":48,"column":4},"end":{"line":48,"column":49}},"10":{"start":{"line":52,"column":4},"end":{"line":52,"column":29}},"11":{"start":{"line":56,"column":20},"end":{"line":56,"column":57}},"12":{"start":{"line":57,"column":4},"end":{"line":57,"column":30}},"13":{"start":{"line":58,"column":4},"end":{"line":58,"column":19}},"14":{"start":{"line":62,"column":20},"end":{"line":62,"column":57}},"15":{"start":{"line":63,"column":4},"end":{"line":65,"column":null}},"16":{"start":{"line":64,"column":6},"end":{"line":64,"column":43}},"17":{"start":{"line":66,"column":4},"end":{"line":66,"column":30}},"18":{"start":{"line":67,"column":4},"end":{"line":67,"column":36}},"19":{"start":{"line":72,"column":4},"end":{"line":72,"column":80}}},"fnMap":{"0":{"name":"(anonymous_0)","decl":{"start":{"line":34,"column":2},"end":{"line":34,"column":7}},"loc":{"start":{"line":37,"column":18},"end":{"line":45,"column":3}}},"1":{"name":"(anonymous_1)","decl":{"start":{"line":47,"column":2},"end":{"line":47,"column":7}},"loc":{"start":{"line":47,"column":27},"end":{"line":49,"column":3}}},"2":{"name":"(anonymous_2)","decl":{"start":{"line":51,"column":2},"end":{"line":51,"column":7}},"loc":{"start":{"line":51,"column":15},"end":{"line":53,"column":3}}},"3":{"name":"(anonymous_3)","decl":{"start":{"line":55,"column":2},"end":{"line":55,"column":7}},"loc":{"start":{"line":55,"column":29},"end":{"line":59,"column":3}}},"4":{"name":"(anonymous_4)","decl":{"start":{"line":61,"column":2},"end":{"line":61,"column":7}},"loc":{"start":{"line":61,"column":46},"end":{"line":68,"column":3}}},"5":{"name":"(anonymous_5)","decl":{"start":{"line":70,"column":2},"end":{"line":70,"column":7}},"loc":{"start":{"line":70,"column":35},"end":{"line":73,"column":3}}}},"branchMap":{"0":{"loc":{"start":{"line":63,"column":4},"end":{"line":65,"column":null}},"type":"if","locations":[{"start":{"line":63,"column":4},"end":{"line":65,"column":null}}]}},"s":{"0":2,"1":2,"2":2,"3":13,"4":13,"5":13,"6":13,"7":13,"8":13,"9":3,"10":3,"11":2,"12":2,"13":2,"14":2,"15":2,"16":1,"17":1,"18":1,"19":2},"f":{"0":13,"1":3,"2":3,"3":2,"4":2,"5":2},"b":{"0":[1]}}
,"/home/james/projects/zealthy/backend/src/modules/mysql-connector2/mysql-connector2.config.ts": {"path":"/home/james/projects/zealthy/backend/src/modules/mysql-connector2/mysql-connector2.config.ts","statementMap":{"0":{"start":{"line":1,"column":0},"end":{"line":1,"column":60}},"1":{"start":{"line":2,"column":0},"end":{"line":2,"column":53}},"2":{"start":{"line":4,"column":0},"end":{"line":4,"column":13}},"3":{"start":{"line":7,"column":11},"end":{"line":7,"column":null}},"4":{"start":{"line":13,"column":11},"end":{"line":13,"column":null}},"5":{"start":{"line":11,"column":14},"end":{"line":11,"column":20}},"6":{"start":{"line":12,"column":28},"end":{"line":12,"column":47}},"7":{"start":{"line":17,"column":11},"end":{"line":17,"column":null}},"8":{"start":{"line":21,"column":11},"end":{"line":21,"column":null}},"9":{"start":{"line":25,"column":11},"end":{"line":25,"column":null}},"10":{"start":{"line":28,"column":13},"end":{"line":28,"column":63}}},"fnMap":{"0":{"name":"(anonymous_2)","decl":{"start":{"line":11,"column":8},"end":{"line":11,"column":11}},"loc":{"start":{"line":11,"column":14},"end":{"line":11,"column":20}}},"1":{"name":"(anonymous_3)","decl":{"start":{"line":12,"column":13},"end":{"line":12,"column":14}},"loc":{"start":{"line":12,"column":28},"end":{"line":12,"column":47}}}},"branchMap":{},"s":{"0":9,"1":9,"2":9,"3":9,"4":9,"5":53,"6":53,"7":9,"8":9,"9":9,"10":9},"f":{"0":53,"1":53},"b":{}}
,"/home/james/projects/zealthy/backend/src/modules/refreshToken/refreshToken.config.ts": {"path":"/home/james/projects/zealthy/backend/src/modules/refreshToken/refreshToken.config.ts","statementMap":{"0":{"start":{"line":1,"column":0},"end":{"line":1,"column":43}},"1":{"start":{"line":2,"column":0},"end":{"line":2,"column":49}},"2":{"start":{"line":4,"column":0},"end":{"line":4,"column":13}},"3":{"start":{"line":7,"column":18},"end":{"line":7,"column":null}}},"fnMap":{},"branchMap":{},"s":{"0":6,"1":6,"2":6,"3":6},"f":{},"b":{}}
,"/home/james/projects/zealthy/backend/src/modules/refreshToken/refreshToken.service.ts": {"path":"/home/james/projects/zealthy/backend/src/modules/refreshToken/refreshToken.service.ts","statementMap":{"0":{"start":{"line":1,"column":0},"end":{"line":1,"column":52}},"1":{"start":{"line":2,"column":0},"end":{"line":2,"column":51}},"2":{"start":{"line":4,"column":0},"end":{"line":4,"column":72}},"3":{"start":{"line":5,"column":0},"end":{"line":5,"column":28}},"4":{"start":{"line":6,"column":0},"end":{"line":6,"column":57}},"5":{"start":{"line":7,"column":0},"end":{"line":7,"column":33}},"6":{"start":{"line":9,"column":0},"end":{"line":9,"column":31}},"7":{"start":{"line":12,"column":32},"end":{"line":46,"column":null}},"8":{"start":{"line":14,"column":21},"end":{"line":14,"column":29}},"9":{"start":{"line":15,"column":40},"end":{"line":15,"column":48}},"10":{"start":{"line":17,"column":12},"end":{"line":17,"column":58}},"11":{"start":{"line":21,"column":18},"end":{"line":21,"column":24}},"12":{"start":{"line":22,"column":22},"end":{"line":24,"column":6}},"13":{"start":{"line":26,"column":41},"end":{"line":30,"column":6}},"14":{"start":{"line":31,"column":4},"end":{"line":31,"column":60}},"15":{"start":{"line":35,"column":25},"end":{"line":35,"column":77}},"16":{"start":{"line":37,"column":4},"end":{"line":43,"column":null}},"17":{"start":{"line":42,"column":6},"end":{"line":42,"column":18}},"18":{"start":{"line":44,"column":4},"end":{"line":44,"column":17}},"19":{"start":{"line":12,"column":13},"end":{"line":46,"column":null}}},"fnMap":{"0":{"name":"(anonymous_4)","decl":{"start":{"line":13,"column":2},"end":{"line":13,"column":null}},"loc":{"start":{"line":17,"column":58},"end":{"line":18,"column":6}}},"1":{"name":"(anonymous_5)","decl":{"start":{"line":20,"column":2},"end":{"line":20,"column":7}},"loc":{"start":{"line":20,"column":34},"end":{"line":32,"column":3}}},"2":{"name":"(anonymous_6)","decl":{"start":{"line":34,"column":2},"end":{"line":34,"column":7}},"loc":{"start":{"line":34,"column":45},"end":{"line":45,"column":3}}}},"branchMap":{"0":{"loc":{"start":{"line":37,"column":4},"end":{"line":43,"column":null}},"type":"if","locations":[{"start":{"line":37,"column":4},"end":{"line":43,"column":null}}]},"1":{"loc":{"start":{"line":38,"column":6},"end":{"line":40,"column":41}},"type":"binary-expr","locations":[{"start":{"line":38,"column":6},"end":{"line":38,"column":18}},{"start":{"line":39,"column":6},"end":{"line":39,"column":36}},{"start":{"line":40,"column":6},"end":{"line":40,"column":41}}]}},"s":{"0":6,"1":6,"2":6,"3":6,"4":6,"5":6,"6":6,"7":6,"8":30,"9":30,"10":30,"11":20,"12":20,"13":20,"14":20,"15":6,"16":6,"17":2,"18":4,"19":6},"f":{"0":30,"1":20,"2":6},"b":{"0":[2],"1":[6,4,2]}}
,"/home/james/projects/zealthy/backend/src/modules/refreshToken/repositories/refreshToken.entity.ts": {"path":"/home/james/projects/zealthy/backend/src/modules/refreshToken/repositories/refreshToken.entity.ts","statementMap":{"0":{"start":{"line":1,"column":0},"end":{"line":1,"column":null}},"1":{"start":{"line":10,"column":31},"end":{"line":31,"column":null}},"2":{"start":{"line":12,"column":2},"end":{"line":12,"column":null}},"3":{"start":{"line":15,"column":2},"end":{"line":15,"column":null}},"4":{"start":{"line":18,"column":2},"end":{"line":18,"column":null}},"5":{"start":{"line":21,"column":2},"end":{"line":21,"column":null}},"6":{"start":{"line":24,"column":2},"end":{"line":24,"column":null}},"7":{"start":{"line":27,"column":2},"end":{"line":27,"column":null}},"8":{"start":{"line":30,"column":2},"end":{"line":30,"column":null}},"9":{"start":{"line":10,"column":13},"end":{"line":31,"column":null}}},"fnMap":{},"branchMap":{},"s":{"0":9,"1":9,"2":9,"3":9,"4":9,"5":9,"6":9,"7":9,"8":9,"9":9},"f":{},"b":{}}
,"/home/james/projects/zealthy/backend/src/modules/refreshToken/repositories/refreshToken.repository.ts": {"path":"/home/james/projects/zealthy/backend/src/modules/refreshToken/repositories/refreshToken.repository.ts","statementMap":{"0":{"start":{"line":12,"column":13},"end":{"line":26,"column":2}},"1":{"start":{"line":19,"column":41},"end":{"line":19,"column":59}},"2":{"start":{"line":20,"column":4},"end":{"line":20,"column":37}},"3":{"start":{"line":24,"column":4},"end":{"line":24,"column":52}}},"fnMap":{"0":{"name":"(anonymous_0)","decl":{"start":{"line":16,"column":2},"end":{"line":16,"column":7}},"loc":{"start":{"line":17,"column":38},"end":{"line":21,"column":3}}},"1":{"name":"(anonymous_1)","decl":{"start":{"line":23,"column":2},"end":{"line":23,"column":7}},"loc":{"start":{"line":23,"column":33},"end":{"line":25,"column":3}}}},"branchMap":{},"s":{"0":6,"1":0,"2":0,"3":6},"f":{"0":0,"1":6},"b":{}}
,"/home/james/projects/zealthy/backend/src/modules/ticket/ticket.service.ts": {"path":"/home/james/projects/zealthy/backend/src/modules/ticket/ticket.service.ts","statementMap":{"0":{"start":{"line":1,"column":0},"end":{"line":1,"column":52}},"1":{"start":{"line":2,"column":0},"end":{"line":2,"column":33}},"2":{"start":{"line":3,"column":0},"end":{"line":3,"column":51}},"3":{"start":{"line":4,"column":0},"end":{"line":4,"column":76}},"4":{"start":{"line":8,"column":26},"end":{"line":86,"column":null}},"5":{"start":{"line":10,"column":40},"end":{"line":10,"column":48}},"6":{"start":{"line":12,"column":21},"end":{"line":12,"column":55}},"7":{"start":{"line":22,"column":4},"end":{"line":22,"column":40}},"8":{"start":{"line":23,"column":33},"end":{"line":28,"column":null}},"9":{"start":{"line":30,"column":4},"end":{"line":39,"column":6}},"10":{"start":{"line":43,"column":4},"end":{"line":43,"column":45}},"11":{"start":{"line":44,"column":33},"end":{"line":44,"column":73}},"12":{"start":{"line":45,"column":4},"end":{"line":47,"column":null}},"13":{"start":{"line":46,"column":6},"end":{"line":46,"column":42}},"14":{"start":{"line":49,"column":4},"end":{"line":49,"column":18}},"15":{"start":{"line":53,"column":4},"end":{"line":53,"column":48}},"16":{"start":{"line":54,"column":36},"end":{"line":55,"column":null}},"17":{"start":{"line":58,"column":4},"end":{"line":58,"column":19}},"18":{"start":{"line":62,"column":4},"end":{"line":62,"column":49}},"19":{"start":{"line":63,"column":36},"end":{"line":64,"column":null}},"20":{"start":{"line":67,"column":4},"end":{"line":67,"column":19}},"21":{"start":{"line":71,"column":4},"end":{"line":71,"column":40}},"22":{"start":{"line":72,"column":4},"end":{"line":72,"column":49}},"23":{"start":{"line":76,"column":4},"end":{"line":76,"column":47}},"24":{"start":{"line":77,"column":33},"end":{"line":77,"column":73}},"25":{"start":{"line":78,"column":4},"end":{"line":80,"column":null}},"26":{"start":{"line":79,"column":6},"end":{"line":79,"column":42}},"27":{"start":{"line":81,"column":4},"end":{"line":81,"column":27}},"28":{"start":{"line":82,"column":4},"end":{"line":82,"column":45}},"29":{"start":{"line":84,"column":4},"end":{"line":84,"column":18}},"30":{"start":{"line":8,"column":13},"end":{"line":86,"column":null}}},"fnMap":{"0":{"name":"(anonymous_4)","decl":{"start":{"line":9,"column":2},"end":{"line":9,"column":null}},"loc":{"start":{"line":12,"column":55},"end":{"line":13,"column":6}}},"1":{"name":"(anonymous_5)","decl":{"start":{"line":15,"column":2},"end":{"line":15,"column":7}},"loc":{"start":{"line":20,"column":17},"end":{"line":40,"column":3}}},"2":{"name":"(anonymous_6)","decl":{"start":{"line":42,"column":2},"end":{"line":42,"column":7}},"loc":{"start":{"line":42,"column":32},"end":{"line":50,"column":3}}},"3":{"name":"(anonymous_7)","decl":{"start":{"line":52,"column":2},"end":{"line":52,"column":7}},"loc":{"start":{"line":52,"column":39},"end":{"line":59,"column":3}}},"4":{"name":"(anonymous_8)","decl":{"start":{"line":61,"column":2},"end":{"line":61,"column":7}},"loc":{"start":{"line":61,"column":41},"end":{"line":68,"column":3}}},"5":{"name":"(anonymous_9)","decl":{"start":{"line":70,"column":2},"end":{"line":70,"column":7}},"loc":{"start":{"line":70,"column":31},"end":{"line":73,"column":3}}},"6":{"name":"(anonymous_10)","decl":{"start":{"line":75,"column":2},"end":{"line":75,"column":7}},"loc":{"start":{"line":75,"column":53},"end":{"line":85,"column":3}}}},"branchMap":{"0":{"loc":{"start":{"line":45,"column":4},"end":{"line":47,"column":null}},"type":"if","locations":[{"start":{"line":45,"column":4},"end":{"line":47,"column":null}}]},"1":{"loc":{"start":{"line":78,"column":4},"end":{"line":80,"column":null}},"type":"if","locations":[{"start":{"line":78,"column":4},"end":{"line":80,"column":null}}]}},"s":{"0":3,"1":3,"2":3,"3":3,"4":3,"5":20,"6":20,"7":44,"8":44,"9":44,"10":7,"11":7,"12":7,"13":3,"14":4,"15":4,"16":4,"17":4,"18":4,"19":4,"20":4,"21":11,"22":11,"23":0,"24":0,"25":0,"26":0,"27":0,"28":0,"29":0,"30":3},"f":{"0":20,"1":44,"2":7,"3":4,"4":4,"5":11,"6":0},"b":{"0":[3],"1":[0]}}
,"/home/james/projects/zealthy/backend/src/modules/ticket-graphql/ticket.resolvers.ts": {"path":"/home/james/projects/zealthy/backend/src/modules/ticket-graphql/ticket.resolvers.ts","statementMap":{"0":{"start":{"line":1,"column":0},"end":{"line":1,"column":51}},"1":{"start":{"line":2,"column":0},"end":{"line":2,"column":66}},"2":{"start":{"line":3,"column":0},"end":{"line":3,"column":33}},"3":{"start":{"line":4,"column":0},"end":{"line":4,"column":57}},"4":{"start":{"line":5,"column":0},"end":{"line":5,"column":60}},"5":{"start":{"line":6,"column":0},"end":{"line":6,"column":62}},"6":{"start":{"line":9,"column":28},"end":{"line":90,"column":null}},"7":{"start":{"line":11,"column":40},"end":{"line":11,"column":48}},"8":{"start":{"line":12,"column":21},"end":{"line":12,"column":36}},"9":{"start":{"line":17,"column":4},"end":{"line":17,"column":40}},"10":{"start":{"line":18,"column":19},"end":{"line":23,"column":null}},"11":{"start":{"line":26,"column":4},"end":{"line":35,"column":6}},"12":{"start":{"line":40,"column":4},"end":{"line":40,"column":45}},"13":{"start":{"line":41,"column":19},"end":{"line":41,"column":61}},"14":{"start":{"line":43,"column":4},"end":{"line":52,"column":6}},"15":{"start":{"line":58,"column":4},"end":{"line":58,"column":49}},"16":{"start":{"line":59,"column":20},"end":{"line":59,"column":69}},"17":{"start":{"line":61,"column":4},"end":{"line":70,"column":8}},"18":{"start":{"line":61,"column":36},"end":{"line":70,"column":6}},"19":{"start":{"line":76,"column":4},"end":{"line":76,"column":50}},"20":{"start":{"line":77,"column":20},"end":{"line":77,"column":71}},"21":{"start":{"line":79,"column":4},"end":{"line":88,"column":8}},"22":{"start":{"line":79,"column":36},"end":{"line":88,"column":6}},"23":{"start":{"line":16,"column":8},"end":{"line":36,"column":null}},"24":{"start":{"line":39,"column":8},"end":{"line":53,"column":null}},"25":{"start":{"line":57,"column":8},"end":{"line":71,"column":null}},"26":{"start":{"line":75,"column":8},"end":{"line":89,"column":null}},"27":{"start":{"line":9,"column":13},"end":{"line":90,"column":null}}},"fnMap":{"0":{"name":"(anonymous_4)","decl":{"start":{"line":10,"column":2},"end":{"line":10,"column":null}},"loc":{"start":{"line":12,"column":49},"end":{"line":13,"column":6}}},"1":{"name":"(anonymous_5)","decl":{"start":{"line":16,"column":2},"end":{"line":16,"column":7}},"loc":{"start":{"line":16,"column":53},"end":{"line":36,"column":3}}},"2":{"name":"(anonymous_6)","decl":{"start":{"line":39,"column":2},"end":{"line":39,"column":7}},"loc":{"start":{"line":39,"column":44},"end":{"line":53,"column":3}}},"3":{"name":"(anonymous_7)","decl":{"start":{"line":57,"column":2},"end":{"line":57,"column":7}},"loc":{"start":{"line":57,"column":54},"end":{"line":71,"column":3}}},"4":{"name":"(anonymous_8)","decl":{"start":{"line":61,"column":23},"end":{"line":61,"column":24}},"loc":{"start":{"line":61,"column":36},"end":{"line":70,"column":6}}},"5":{"name":"(anonymous_9)","decl":{"start":{"line":75,"column":2},"end":{"line":75,"column":7}},"loc":{"start":{"line":75,"column":57},"end":{"line":89,"column":3}}},"6":{"name":"(anonymous_10)","decl":{"start":{"line":79,"column":23},"end":{"line":79,"column":24}},"loc":{"start":{"line":79,"column":36},"end":{"line":88,"column":6}}}},"branchMap":{},"s":{"0":2,"1":2,"2":2,"3":2,"4":2,"5":2,"6":2,"7":10,"8":10,"9":18,"10":18,"11":18,"12":2,"13":2,"14":1,"15":2,"16":2,"17":2,"18":6,"19":2,"20":2,"21":2,"22":30,"23":2,"24":2,"25":2,"26":2,"27":2},"f":{"0":10,"1":18,"2":2,"3":2,"4":6,"5":2,"6":30},"b":{}}
,"/home/james/projects/zealthy/backend/src/modules/ticket/repository/ticket.entity.ts": {"path":"/home/james/projects/zealthy/backend/src/modules/ticket/repository/ticket.entity.ts","statementMap":{"0":{"start":{"line":1,"column":0},"end":{"line":1,"column":77}},"1":{"start":{"line":3,"column":0},"end":{"line":3,"column":null}},"2":{"start":{"line":4,"column":2},"end":{"line":4,"column":null}},"3":{"start":{"line":5,"column":2},"end":{"line":5,"column":null}},"4":{"start":{"line":6,"column":2},"end":{"line":6,"column":null}},"5":{"start":{"line":9,"column":0},"end":{"line":9,"column":null}},"6":{"start":{"line":10,"column":2},"end":{"line":10,"column":null}},"7":{"start":{"line":11,"column":2},"end":{"line":11,"column":null}},"8":{"start":{"line":12,"column":2},"end":{"line":12,"column":null}},"9":{"start":{"line":16,"column":25},"end":{"line":40,"column":null}},"10":{"start":{"line":18,"column":2},"end":{"line":18,"column":null}},"11":{"start":{"line":21,"column":2},"end":{"line":21,"column":null}},"12":{"start":{"line":24,"column":2},"end":{"line":24,"column":null}},"13":{"start":{"line":27,"column":2},"end":{"line":27,"column":null}},"14":{"start":{"line":30,"column":2},"end":{"line":30,"column":null}},"15":{"start":{"line":33,"column":2},"end":{"line":33,"column":null}},"16":{"start":{"line":36,"column":2},"end":{"line":36,"column":null}},"17":{"start":{"line":39,"column":2},"end":{"line":39,"column":null}},"18":{"start":{"line":16,"column":13},"end":{"line":40,"column":null}}},"fnMap":{"0":{"name":"(anonymous_2)","decl":{"start":{"line":3,"column":0},"end":{"line":3,"column":12}},"loc":{"start":{"line":3,"column":18},"end":{"line":7,"column":1}}},"1":{"name":"(anonymous_3)","decl":{"start":{"line":9,"column":0},"end":{"line":9,"column":12}},"loc":{"start":{"line":9,"column":20},"end":{"line":13,"column":1}}}},"branchMap":{"0":{"loc":{"start":{"line":3,"column":12},"end":{"line":3,"column":null}},"type":"binary-expr","locations":[{"start":{"line":3,"column":12},"end":{"line":3,"column":18}},{"start":{"line":3,"column":18},"end":{"line":3,"column":null}}]},"1":{"loc":{"start":{"line":9,"column":12},"end":{"line":9,"column":null}},"type":"binary-expr","locations":[{"start":{"line":9,"column":12},"end":{"line":9,"column":20}},{"start":{"line":9,"column":20},"end":{"line":9,"column":null}}]}},"s":{"0":9,"1":9,"2":9,"3":9,"4":9,"5":9,"6":9,"7":9,"8":9,"9":9,"10":9,"11":9,"12":9,"13":9,"14":9,"15":9,"16":9,"17":9,"18":9},"f":{"0":9,"1":9},"b":{"0":[9,9],"1":[9,9]}}
,"/home/james/projects/zealthy/backend/src/modules/ticket/repository/ticket.repository.ts": {"path":"/home/james/projects/zealthy/backend/src/modules/ticket/repository/ticket.repository.ts","statementMap":{"0":{"start":{"line":1,"column":0},"end":{"line":1,"column":65}},"1":{"start":{"line":3,"column":0},"end":{"line":3,"column":28}},"2":{"start":{"line":25,"column":13},"end":{"line":65,"column":2}},"3":{"start":{"line":36,"column":19},"end":{"line":36,"column":37}},"4":{"start":{"line":37,"column":4},"end":{"line":37,"column":23}},"5":{"start":{"line":38,"column":4},"end":{"line":38,"column":25}},"6":{"start":{"line":39,"column":4},"end":{"line":39,"column":37}},"7":{"start":{"line":40,"column":4},"end":{"line":40,"column":27}},"8":{"start":{"line":41,"column":4},"end":{"line":41,"column":31}},"9":{"start":{"line":42,"column":4},"end":{"line":42,"column":25}},"10":{"start":{"line":43,"column":4},"end":{"line":43,"column":35}},"11":{"start":{"line":47,"column":4},"end":{"line":47,"column":49}},"12":{"start":{"line":51,"column":4},"end":{"line":51,"column":56}},"13":{"start":{"line":56,"column":4},"end":{"line":59,"column":7}},"14":{"start":{"line":63,"column":4},"end":{"line":63,"column":30}}},"fnMap":{"0":{"name":"(anonymous_0)","decl":{"start":{"line":29,"column":2},"end":{"line":29,"column":7}},"loc":{"start":{"line":34,"column":17},"end":{"line":44,"column":3}}},"1":{"name":"(anonymous_1)","decl":{"start":{"line":46,"column":2},"end":{"line":46,"column":7}},"loc":{"start":{"line":46,"column":27},"end":{"line":48,"column":3}}},"2":{"name":"(anonymous_2)","decl":{"start":{"line":50,"column":2},"end":{"line":50,"column":7}},"loc":{"start":{"line":50,"column":33},"end":{"line":52,"column":3}}},"3":{"name":"(anonymous_3)","decl":{"start":{"line":54,"column":2},"end":{"line":54,"column":7}},"loc":{"start":{"line":54,"column":35},"end":{"line":60,"column":3}}},"4":{"name":"(anonymous_4)","decl":{"start":{"line":62,"column":2},"end":{"line":62,"column":7}},"loc":{"start":{"line":62,"column":31},"end":{"line":64,"column":3}}}},"branchMap":{},"s":{"0":3,"1":3,"2":3,"3":44,"4":44,"5":44,"6":44,"7":44,"8":44,"9":44,"10":44,"11":7,"12":4,"13":4,"14":11},"f":{"0":44,"1":7,"2":4,"3":4,"4":11},"b":{}}
,"/home/james/projects/zealthy/backend/src/modules/user/user.service.ts": {"path":"/home/james/projects/zealthy/backend/src/modules/user/user.service.ts","statementMap":{"0":{"start":{"line":1,"column":0},"end":{"line":1,"column":52}},"1":{"start":{"line":2,"column":0},"end":{"line":2,"column":33}},"2":{"start":{"line":4,"column":0},"end":{"line":4,"column":54}},"3":{"start":{"line":5,"column":0},"end":{"line":5,"column":51}},"4":{"start":{"line":8,"column":24},"end":{"line":53,"column":null}},"5":{"start":{"line":10,"column":40},"end":{"line":10,"column":48}},"6":{"start":{"line":12,"column":21},"end":{"line":12,"column":51}},"7":{"start":{"line":19,"column":4},"end":{"line":19,"column":38}},"8":{"start":{"line":20,"column":29},"end":{"line":22,"column":null}},"9":{"start":{"line":24,"column":4},"end":{"line":30,"column":6}},"10":{"start":{"line":34,"column":4},"end":{"line":34,"column":49}},"11":{"start":{"line":35,"column":29},"end":{"line":35,"column":79}},"12":{"start":{"line":36,"column":4},"end":{"line":38,"column":null}},"13":{"start":{"line":37,"column":6},"end":{"line":37,"column":40}},"14":{"start":{"line":40,"column":4},"end":{"line":40,"column":16}},"15":{"start":{"line":44,"column":4},"end":{"line":44,"column":44}},"16":{"start":{"line":46,"column":29},"end":{"line":46,"column":69}},"17":{"start":{"line":47,"column":4},"end":{"line":49,"column":null}},"18":{"start":{"line":48,"column":6},"end":{"line":48,"column":40}},"19":{"start":{"line":51,"column":4},"end":{"line":51,"column":16}},"20":{"start":{"line":8,"column":13},"end":{"line":53,"column":null}}},"fnMap":{"0":{"name":"(anonymous_4)","decl":{"start":{"line":9,"column":2},"end":{"line":9,"column":null}},"loc":{"start":{"line":12,"column":51},"end":{"line":13,"column":6}}},"1":{"name":"(anonymous_5)","decl":{"start":{"line":15,"column":2},"end":{"line":15,"column":7}},"loc":{"start":{"line":17,"column":20},"end":{"line":31,"column":3}}},"2":{"name":"(anonymous_6)","decl":{"start":{"line":33,"column":2},"end":{"line":33,"column":7}},"loc":{"start":{"line":33,"column":42},"end":{"line":41,"column":3}}},"3":{"name":"(anonymous_7)","decl":{"start":{"line":43,"column":2},"end":{"line":43,"column":7}},"loc":{"start":{"line":43,"column":32},"end":{"line":52,"column":3}}}},"branchMap":{"0":{"loc":{"start":{"line":36,"column":4},"end":{"line":38,"column":null}},"type":"if","locations":[{"start":{"line":36,"column":4},"end":{"line":38,"column":null}}]},"1":{"loc":{"start":{"line":47,"column":4},"end":{"line":49,"column":null}},"type":"if","locations":[{"start":{"line":47,"column":4},"end":{"line":49,"column":null}}]}},"s":{"0":6,"1":6,"2":6,"3":6,"4":6,"5":28,"6":28,"7":25,"8":25,"9":24,"10":44,"11":44,"12":44,"13":23,"14":21,"15":1,"16":1,"17":1,"18":0,"19":1,"20":6},"f":{"0":28,"1":25,"2":44,"3":1},"b":{"0":[23],"1":[0]}}
,"/home/james/projects/zealthy/backend/src/modules/user-graphql/user.resolvers.ts": {"path":"/home/james/projects/zealthy/backend/src/modules/user-graphql/user.resolvers.ts","statementMap":{"0":{"start":{"line":1,"column":0},"end":{"line":1,"column":50}},"1":{"start":{"line":2,"column":0},"end":{"line":2,"column":51}},"2":{"start":{"line":3,"column":0},"end":{"line":3,"column":33}},"3":{"start":{"line":4,"column":0},"end":{"line":4,"column":51}},"4":{"start":{"line":5,"column":0},"end":{"line":5,"column":62}},"5":{"start":{"line":6,"column":0},"end":{"line":6,"column":56}},"6":{"start":{"line":12,"column":26},"end":{"line":31,"column":null}},"7":{"start":{"line":14,"column":40},"end":{"line":14,"column":48}},"8":{"start":{"line":15,"column":21},"end":{"line":15,"column":34}},"9":{"start":{"line":21,"column":4},"end":{"line":21,"column":40}},"10":{"start":{"line":22,"column":29},"end":{"line":23,"column":null}},"11":{"start":{"line":25,"column":4},"end":{"line":29,"column":6}},"12":{"start":{"line":20,"column":8},"end":{"line":30,"column":null}},"13":{"start":{"line":12,"column":13},"end":{"line":31,"column":null}}},"fnMap":{"0":{"name":"(anonymous_4)","decl":{"start":{"line":13,"column":2},"end":{"line":13,"column":null}},"loc":{"start":{"line":15,"column":45},"end":{"line":16,"column":6}}},"1":{"name":"(anonymous_5)","decl":{"start":{"line":20,"column":2},"end":{"line":20,"column":7}},"loc":{"start":{"line":20,"column":55},"end":{"line":30,"column":3}}}},"branchMap":{},"s":{"0":1,"1":1,"2":1,"3":1,"4":1,"5":1,"6":1,"7":1,"8":1,"9":1,"10":1,"11":1,"12":1,"13":1},"f":{"0":1,"1":1},"b":{}}
,"/home/james/projects/zealthy/backend/src/modules/user/repository/user.entity.ts": {"path":"/home/james/projects/zealthy/backend/src/modules/user/repository/user.entity.ts","statementMap":{"0":{"start":{"line":1,"column":0},"end":{"line":1,"column":null}},"1":{"start":{"line":10,"column":23},"end":{"line":28,"column":null}},"2":{"start":{"line":12,"column":2},"end":{"line":12,"column":null}},"3":{"start":{"line":15,"column":2},"end":{"line":15,"column":null}},"4":{"start":{"line":18,"column":2},"end":{"line":18,"column":null}},"5":{"start":{"line":21,"column":2},"end":{"line":21,"column":null}},"6":{"start":{"line":24,"column":2},"end":{"line":24,"column":null}},"7":{"start":{"line":27,"column":2},"end":{"line":27,"column":null}},"8":{"start":{"line":10,"column":13},"end":{"line":28,"column":null}}},"fnMap":{},"branchMap":{},"s":{"0":9,"1":9,"2":9,"3":9,"4":9,"5":9,"6":9,"7":9,"8":9},"f":{},"b":{}}
,"/home/james/projects/zealthy/backend/src/modules/user/repository/user.repository.ts": {"path":"/home/james/projects/zealthy/backend/src/modules/user/repository/user.repository.ts","statementMap":{"0":{"start":{"line":1,"column":0},"end":{"line":1,"column":43}},"1":{"start":{"line":3,"column":0},"end":{"line":3,"column":28}},"2":{"start":{"line":17,"column":13},"end":{"line":40,"column":2}},"3":{"start":{"line":22,"column":17},"end":{"line":22,"column":33}},"4":{"start":{"line":23,"column":4},"end":{"line":23,"column":22}},"5":{"start":{"line":24,"column":4},"end":{"line":24,"column":29}},"6":{"start":{"line":25,"column":4},"end":{"line":25,"column":29}},"7":{"start":{"line":26,"column":4},"end":{"line":26,"column":33}},"8":{"start":{"line":30,"column":4},"end":{"line":30,"column":55}},"9":{"start":{"line":34,"column":4},"end":{"line":34,"column":50}},"10":{"start":{"line":38,"column":4},"end":{"line":38,"column":49}}},"fnMap":{"0":{"name":"(anonymous_0)","decl":{"start":{"line":21,"column":2},"end":{"line":21,"column":7}},"loc":{"start":{"line":21,"column":53},"end":{"line":27,"column":3}}},"1":{"name":"(anonymous_1)","decl":{"start":{"line":29,"column":2},"end":{"line":29,"column":7}},"loc":{"start":{"line":29,"column":39},"end":{"line":31,"column":3}}},"2":{"name":"(anonymous_2)","decl":{"start":{"line":33,"column":2},"end":{"line":33,"column":7}},"loc":{"start":{"line":33,"column":29},"end":{"line":35,"column":3}}},"3":{"name":"(anonymous_3)","decl":{"start":{"line":37,"column":2},"end":{"line":37,"column":7}},"loc":{"start":{"line":37,"column":27},"end":{"line":39,"column":3}}}},"branchMap":{},"s":{"0":6,"1":6,"2":6,"3":25,"4":25,"5":25,"6":25,"7":25,"8":44,"9":1,"10":0},"f":{"0":25,"1":44,"2":1,"3":0},"b":{}}
}
